This file contains any messages produced by compilers while
running configure, to aid debugging if configure makes a mistake.

It was created by STK configure 5.0.0, which was
generated by GNU Autoconf 2.69.  Invocation command line was

  $ ./configure 

## --------- ##
## Platform. ##
## --------- ##

hostname = lx0-fuxi152
uname -m = x86_64
uname -r = 5.15.0-122-generic
uname -s = Linux
uname -v = #132~20.04.1-Ubuntu SMP Fri Aug 30 15:50:07 UTC 2024

/usr/bin/uname -p = x86_64
/bin/uname -X     = unknown

/bin/arch              = x86_64
/usr/bin/arch -k       = unknown
/usr/convex/getsysinfo = unknown
/usr/bin/hostinfo      = unknown
/bin/machine           = unknown
/usr/bin/oslevel       = unknown
/bin/universe          = unknown

PATH: /usr/bin/google-chrome/bin
PATH: /home/jussiran/chromedriver/bin
PATH: /home/jussiran/.fly/bin
PATH: /home/jussiran/pgsql/bin
PATH: /home/jussiran/.nvm/versions/node/v14.18.3/bin
PATH: /home/jussiran/.local/bin
PATH: /usr/local/go/bin
PATH: /usr/local/sbin
PATH: /usr/local/bin
PATH: /usr/sbin
PATH: /usr/bin
PATH: /sbin
PATH: /bin
PATH: /usr/games
PATH: /usr/local/games
PATH: /snap/bin
PATH: /home/jussiran/.dotnet/tools
PATH: /home/jussiran/go/bin
PATH: /usr/local/go/bin
PATH: /usr/local/go/bin


## ----------- ##
## Core tests. ##
## ----------- ##

configure:2424: checking for g++
configure:2440: found /usr/bin/g++
configure:2451: result: g++
configure:2478: checking for C++ compiler version
configure:2487: g++ --version >&5
g++ (Ubuntu 9.4.0-1ubuntu1~20.04.2) 9.4.0
Copyright (C) 2019 Free Software Foundation, Inc.
This is free software; see the source for copying conditions.  There is NO
warranty; not even for MERCHANTABILITY or FITNESS FOR A PARTICULAR PURPOSE.

configure:2498: $? = 0
configure:2487: g++ -v >&5
Using built-in specs.
COLLECT_GCC=g++
COLLECT_LTO_WRAPPER=/usr/lib/gcc/x86_64-linux-gnu/9/lto-wrapper
OFFLOAD_TARGET_NAMES=nvptx-none:hsa
OFFLOAD_TARGET_DEFAULT=1
Target: x86_64-linux-gnu
Configured with: ../src/configure -v --with-pkgversion='Ubuntu 9.4.0-1ubuntu1~20.04.2' --with-bugurl=file:///usr/share/doc/gcc-9/README.Bugs --enable-languages=c,ada,c++,go,brig,d,fortran,objc,obj-c++,gm2 --prefix=/usr --with-gcc-major-version-only --program-suffix=-9 --program-prefix=x86_64-linux-gnu- --enable-shared --enable-linker-build-id --libexecdir=/usr/lib --without-included-gettext --enable-threads=posix --libdir=/usr/lib --enable-nls --enable-clocale=gnu --enable-libstdcxx-debug --enable-libstdcxx-time=yes --with-default-libstdcxx-abi=new --enable-gnu-unique-object --disable-vtable-verify --enable-plugin --enable-default-pie --with-system-zlib --with-target-system-zlib=auto --enable-objc-gc=auto --enable-multiarch --disable-werror --with-arch-32=i686 --with-abi=m64 --with-multilib-list=m32,m64,mx32 --enable-multilib --with-tune=generic --enable-offload-targets=nvptx-none=/build/gcc-9-9QDOt0/gcc-9-9.4.0/debian/tmp-nvptx/usr,hsa --without-cuda-driver --enable-checking=release --build=x86_64-linux-gnu --host=x86_64-linux-gnu --target=x86_64-linux-gnu
Thread model: posix
gcc version 9.4.0 (Ubuntu 9.4.0-1ubuntu1~20.04.2) 
configure:2498: $? = 0
configure:2487: g++ -V >&5
g++: error: unrecognized command line option '-V'
g++: fatal error: no input files
compilation terminated.
configure:2498: $? = 1
configure:2487: g++ -qversion >&5
g++: error: unrecognized command line option '-qversion'; did you mean '--version'?
g++: fatal error: no input files
compilation terminated.
configure:2498: $? = 1
configure:2518: checking whether the C++ compiler works
configure:2540: g++    conftest.cpp  >&5
configure:2544: $? = 0
configure:2592: result: yes
configure:2595: checking for C++ compiler default output file name
configure:2597: result: a.out
configure:2603: checking for suffix of executables
configure:2610: g++ -o conftest    conftest.cpp  >&5
configure:2614: $? = 0
configure:2636: result: 
configure:2658: checking whether we are cross compiling
configure:2666: g++ -o conftest    conftest.cpp  >&5
configure:2670: $? = 0
configure:2677: ./conftest
configure:2681: $? = 0
configure:2669: result: no
configure:2674: checking for suffix of object files
configure:2696: g++ -c   conftest.cpp >&5
configure:2700: $? = 0
configure:2721: result: o
configure:2725: checking whether we are using the GNU C++ compiler
configure:2744: g++ -c   conftest.cpp >&5
configure:2744: $? = 0
configure:2753: result: yes
configure:2762: checking whether g++ accepts -g
configure:2782: g++ -c -g  conftest.cpp >&5
configure:2782: $? = 0
configure:2823: result: yes
configure:2861: checking whether g++ supports C++11 features with -std=c++11
configure:3159: g++ -std=c++11 -c -g -O2  conftest.cpp >&5
configure:3159: $? = 0
configure:3168: result: yes
configure:3321: checking for C++ compiler version
configure:3330: g++ -std=c++11 --version >&5
g++ (Ubuntu 9.4.0-1ubuntu1~20.04.2) 9.4.0
Copyright (C) 2019 Free Software Foundation, Inc.
This is free software; see the source for copying conditions.  There is NO
warranty; not even for MERCHANTABILITY or FITNESS FOR A PARTICULAR PURPOSE.

configure:3341: $? = 0
configure:3330: g++ -std=c++11 -v >&5
Using built-in specs.
COLLECT_GCC=g++
COLLECT_LTO_WRAPPER=/usr/lib/gcc/x86_64-linux-gnu/9/lto-wrapper
OFFLOAD_TARGET_NAMES=nvptx-none:hsa
OFFLOAD_TARGET_DEFAULT=1
Target: x86_64-linux-gnu
Configured with: ../src/configure -v --with-pkgversion='Ubuntu 9.4.0-1ubuntu1~20.04.2' --with-bugurl=file:///usr/share/doc/gcc-9/README.Bugs --enable-languages=c,ada,c++,go,brig,d,fortran,objc,obj-c++,gm2 --prefix=/usr --with-gcc-major-version-only --program-suffix=-9 --program-prefix=x86_64-linux-gnu- --enable-shared --enable-linker-build-id --libexecdir=/usr/lib --without-included-gettext --enable-threads=posix --libdir=/usr/lib --enable-nls --enable-clocale=gnu --enable-libstdcxx-debug --enable-libstdcxx-time=yes --with-default-libstdcxx-abi=new --enable-gnu-unique-object --disable-vtable-verify --enable-plugin --enable-default-pie --with-system-zlib --with-target-system-zlib=auto --enable-objc-gc=auto --enable-multiarch --disable-werror --with-arch-32=i686 --with-abi=m64 --with-multilib-list=m32,m64,mx32 --enable-multilib --with-tune=generic --enable-offload-targets=nvptx-none=/build/gcc-9-9QDOt0/gcc-9-9.4.0/debian/tmp-nvptx/usr,hsa --without-cuda-driver --enable-checking=release --build=x86_64-linux-gnu --host=x86_64-linux-gnu --target=x86_64-linux-gnu
Thread model: posix
gcc version 9.4.0 (Ubuntu 9.4.0-1ubuntu1~20.04.2) 
configure:3341: $? = 0
configure:3330: g++ -std=c++11 -V >&5
g++: error: unrecognized command line option '-V'
g++: fatal error: no input files
compilation terminated.
configure:3341: $? = 1
configure:3330: g++ -std=c++11 -qversion >&5
g++: error: unrecognized command line option '-qversion'; did you mean '--version'?
g++: fatal error: no input files
compilation terminated.
configure:3341: $? = 1
configure:3345: checking whether we are using the GNU C++ compiler
configure:3373: result: yes
configure:3382: checking whether g++ -std=c++11 accepts -g
configure:3443: result: yes
configure:3509: checking for ranlib
configure:3525: found /usr/bin/ranlib
configure:3536: result: ranlib
configure:3560: checking for ar
configure:3578: found /usr/bin/ar
configure:3591: result: /usr/bin/ar
configure:3605: checking for grep that handles long lines and -e
configure:3663: result: /usr/bin/grep
configure:3668: checking for egrep
configure:3730: result: /usr/bin/grep -E
configure:3784: checking for gcc
configure:3800: found /usr/bin/gcc
configure:3811: result: gcc
configure:4040: checking for C compiler version
configure:4049: gcc --version >&5
gcc (Ubuntu 9.4.0-1ubuntu1~20.04.2) 9.4.0
Copyright (C) 2019 Free Software Foundation, Inc.
This is free software; see the source for copying conditions.  There is NO
warranty; not even for MERCHANTABILITY or FITNESS FOR A PARTICULAR PURPOSE.

configure:4060: $? = 0
configure:4049: gcc -v >&5
Using built-in specs.
COLLECT_GCC=gcc
COLLECT_LTO_WRAPPER=/usr/lib/gcc/x86_64-linux-gnu/9/lto-wrapper
OFFLOAD_TARGET_NAMES=nvptx-none:hsa
OFFLOAD_TARGET_DEFAULT=1
Target: x86_64-linux-gnu
Configured with: ../src/configure -v --with-pkgversion='Ubuntu 9.4.0-1ubuntu1~20.04.2' --with-bugurl=file:///usr/share/doc/gcc-9/README.Bugs --enable-languages=c,ada,c++,go,brig,d,fortran,objc,obj-c++,gm2 --prefix=/usr --with-gcc-major-version-only --program-suffix=-9 --program-prefix=x86_64-linux-gnu- --enable-shared --enable-linker-build-id --libexecdir=/usr/lib --without-included-gettext --enable-threads=posix --libdir=/usr/lib --enable-nls --enable-clocale=gnu --enable-libstdcxx-debug --enable-libstdcxx-time=yes --with-default-libstdcxx-abi=new --enable-gnu-unique-object --disable-vtable-verify --enable-plugin --enable-default-pie --with-system-zlib --with-target-system-zlib=auto --enable-objc-gc=auto --enable-multiarch --disable-werror --with-arch-32=i686 --with-abi=m64 --with-multilib-list=m32,m64,mx32 --enable-multilib --with-tune=generic --enable-offload-targets=nvptx-none=/build/gcc-9-9QDOt0/gcc-9-9.4.0/debian/tmp-nvptx/usr,hsa --without-cuda-driver --enable-checking=release --build=x86_64-linux-gnu --host=x86_64-linux-gnu --target=x86_64-linux-gnu
Thread model: posix
gcc version 9.4.0 (Ubuntu 9.4.0-1ubuntu1~20.04.2) 
configure:4060: $? = 0
configure:4049: gcc -V >&5
gcc: error: unrecognized command line option '-V'
gcc: fatal error: no input files
compilation terminated.
configure:4060: $? = 1
configure:4049: gcc -qversion >&5
gcc: error: unrecognized command line option '-qversion'; did you mean '--version'?
gcc: fatal error: no input files
compilation terminated.
configure:4060: $? = 1
configure:4064: checking whether we are using the GNU C compiler
configure:4083: gcc -c   conftest.c >&5
configure:4083: $? = 0
configure:4092: result: yes
configure:4101: checking whether gcc accepts -g
configure:4121: gcc -c -g  conftest.c >&5
configure:4121: $? = 0
configure:4162: result: yes
configure:4179: checking for gcc option to accept ISO C89
configure:4242: gcc  -c -g -O2  conftest.c >&5
configure:4242: $? = 0
configure:4255: result: none needed
configure:4281: checking how to run the C preprocessor
configure:4312: gcc -E  conftest.c
configure:4312: $? = 0
configure:4326: gcc -E  conftest.c
conftest.c:10:10: fatal error: ac_nonexistent.h: No such file or directory
   10 | #include <ac_nonexistent.h>
      |          ^~~~~~~~~~~~~~~~~~
compilation terminated.
configure:4326: $? = 1
configure: failed program was:
| /* confdefs.h */
| #define PACKAGE_NAME "STK"
| #define PACKAGE_TARNAME "stk"
| #define PACKAGE_VERSION "5.0.0"
| #define PACKAGE_STRING "STK 5.0.0"
| #define PACKAGE_BUGREPORT "gary.scavone@mcgill.ca"
| #define PACKAGE_URL ""
| #define HAVE_CXX11 1
| /* end confdefs.h.  */
| #include <ac_nonexistent.h>
configure:4351: result: gcc -E
configure:4371: gcc -E  conftest.c
configure:4371: $? = 0
configure:4385: gcc -E  conftest.c
conftest.c:10:10: fatal error: ac_nonexistent.h: No such file or directory
   10 | #include <ac_nonexistent.h>
      |          ^~~~~~~~~~~~~~~~~~
compilation terminated.
configure:4385: $? = 1
configure: failed program was:
| /* confdefs.h */
| #define PACKAGE_NAME "STK"
| #define PACKAGE_TARNAME "stk"
| #define PACKAGE_VERSION "5.0.0"
| #define PACKAGE_STRING "STK 5.0.0"
| #define PACKAGE_BUGREPORT "gary.scavone@mcgill.ca"
| #define PACKAGE_URL ""
| #define HAVE_CXX11 1
| /* end confdefs.h.  */
| #include <ac_nonexistent.h>
configure:4414: checking for ANSI C header files
configure:4434: gcc -c -g -O2  conftest.c >&5
configure:4434: $? = 0
configure:4507: gcc -o conftest -g -O2   conftest.c  >&5
configure:4507: $? = 0
configure:4507: ./conftest
configure:4507: $? = 0
configure:4518: result: yes
configure:4531: checking for sys/types.h
configure:4531: gcc -c -g -O2  conftest.c >&5
configure:4531: $? = 0
configure:4531: result: yes
configure:4531: checking for sys/stat.h
configure:4531: gcc -c -g -O2  conftest.c >&5
configure:4531: $? = 0
configure:4531: result: yes
configure:4531: checking for stdlib.h
configure:4531: gcc -c -g -O2  conftest.c >&5
configure:4531: $? = 0
configure:4531: result: yes
configure:4531: checking for string.h
configure:4531: gcc -c -g -O2  conftest.c >&5
configure:4531: $? = 0
configure:4531: result: yes
configure:4531: checking for memory.h
configure:4531: gcc -c -g -O2  conftest.c >&5
configure:4531: $? = 0
configure:4531: result: yes
configure:4531: checking for strings.h
configure:4531: gcc -c -g -O2  conftest.c >&5
configure:4531: $? = 0
configure:4531: result: yes
configure:4531: checking for inttypes.h
configure:4531: gcc -c -g -O2  conftest.c >&5
configure:4531: $? = 0
configure:4531: result: yes
configure:4531: checking for stdint.h
configure:4531: gcc -c -g -O2  conftest.c >&5
configure:4531: $? = 0
configure:4531: result: yes
configure:4531: checking for unistd.h
configure:4531: gcc -c -g -O2  conftest.c >&5
configure:4531: $? = 0
configure:4531: result: yes
configure:4546: checking fcntl.h usability
configure:4546: gcc -c -g -O2  conftest.c >&5
configure:4546: $? = 0
configure:4546: result: yes
configure:4546: checking fcntl.h presence
configure:4546: gcc -E  conftest.c
configure:4546: $? = 0
configure:4546: result: yes
configure:4546: checking for fcntl.h
configure:4546: result: yes
configure:4546: checking sys/ioctl.h usability
configure:4546: gcc -c -g -O2  conftest.c >&5
configure:4546: $? = 0
configure:4546: result: yes
configure:4546: checking sys/ioctl.h presence
configure:4546: gcc -E  conftest.c
configure:4546: $? = 0
configure:4546: result: yes
configure:4546: checking for sys/ioctl.h
configure:4546: result: yes
configure:4546: checking sys/time.h usability
configure:4546: gcc -c -g -O2  conftest.c >&5
configure:4546: $? = 0
configure:4546: result: yes
configure:4546: checking sys/time.h presence
configure:4546: gcc -E  conftest.c
configure:4546: $? = 0
configure:4546: result: yes
configure:4546: checking for sys/time.h
configure:4546: result: yes
configure:4546: checking termio.h usability
configure:4546: gcc -c -g -O2  conftest.c >&5
configure:4546: $? = 0
configure:4546: result: yes
configure:4546: checking termio.h presence
configure:4546: gcc -E  conftest.c
configure:4546: $? = 0
configure:4546: result: yes
configure:4546: checking for termio.h
configure:4546: result: yes
configure:4546: checking for unistd.h
configure:4546: result: yes
configure:4558: checking for an ANSI C-conforming const
configure:4624: gcc -c -g -O2  conftest.c >&5
configure:4624: $? = 0
configure:4631: result: yes
configure:4639: checking for size_t
configure:4639: gcc -c -g -O2  conftest.c >&5
configure:4639: $? = 0
configure:4639: gcc -c -g -O2  conftest.c >&5
conftest.c: In function 'main':
conftest.c:61:21: error: expected expression before ')' token
   61 | if (sizeof ((size_t)))
      |                     ^
configure:4639: $? = 1
configure: failed program was:
| /* confdefs.h */
| #define PACKAGE_NAME "STK"
| #define PACKAGE_TARNAME "stk"
| #define PACKAGE_VERSION "5.0.0"
| #define PACKAGE_STRING "STK 5.0.0"
| #define PACKAGE_BUGREPORT "gary.scavone@mcgill.ca"
| #define PACKAGE_URL ""
| #define HAVE_CXX11 1
| #define STDC_HEADERS 1
| #define HAVE_SYS_TYPES_H 1
| #define HAVE_SYS_STAT_H 1
| #define HAVE_STDLIB_H 1
| #define HAVE_STRING_H 1
| #define HAVE_MEMORY_H 1
| #define HAVE_STRINGS_H 1
| #define HAVE_INTTYPES_H 1
| #define HAVE_STDINT_H 1
| #define HAVE_UNISTD_H 1
| #define HAVE_FCNTL_H 1
| #define HAVE_SYS_IOCTL_H 1
| #define HAVE_SYS_TIME_H 1
| #define HAVE_TERMIO_H 1
| #define HAVE_UNISTD_H 1
| /* end confdefs.h.  */
| #include <stdio.h>
| #ifdef HAVE_SYS_TYPES_H
| # include <sys/types.h>
| #endif
| #ifdef HAVE_SYS_STAT_H
| # include <sys/stat.h>
| #endif
| #ifdef STDC_HEADERS
| # include <stdlib.h>
| # include <stddef.h>
| #else
| # ifdef HAVE_STDLIB_H
| #  include <stdlib.h>
| # endif
| #endif
| #ifdef HAVE_STRING_H
| # if !defined STDC_HEADERS && defined HAVE_MEMORY_H
| #  include <memory.h>
| # endif
| # include <string.h>
| #endif
| #ifdef HAVE_STRINGS_H
| # include <strings.h>
| #endif
| #ifdef HAVE_INTTYPES_H
| # include <inttypes.h>
| #endif
| #ifdef HAVE_STDINT_H
| # include <stdint.h>
| #endif
| #ifdef HAVE_UNISTD_H
| # include <unistd.h>
| #endif
| int
| main ()
| {
| if (sizeof ((size_t)))
| 	    return 0;
|   ;
|   return 0;
| }
configure:4639: result: yes
configure:4651: checking whether byte ordering is bigendian
configure:4666: gcc -c -g -O2  conftest.c >&5
conftest.c:26:9: error: unknown type name 'not'
   26 |         not a universal capable compiler
      |         ^~~
conftest.c:26:15: error: expected '=', ',', ';', 'asm' or '__attribute__' before 'universal'
   26 |         not a universal capable compiler
      |               ^~~~~~~~~
conftest.c:26:15: error: unknown type name 'universal'
configure:4666: $? = 1
configure: failed program was:
| /* confdefs.h */
| #define PACKAGE_NAME "STK"
| #define PACKAGE_TARNAME "stk"
| #define PACKAGE_VERSION "5.0.0"
| #define PACKAGE_STRING "STK 5.0.0"
| #define PACKAGE_BUGREPORT "gary.scavone@mcgill.ca"
| #define PACKAGE_URL ""
| #define HAVE_CXX11 1
| #define STDC_HEADERS 1
| #define HAVE_SYS_TYPES_H 1
| #define HAVE_SYS_STAT_H 1
| #define HAVE_STDLIB_H 1
| #define HAVE_STRING_H 1
| #define HAVE_MEMORY_H 1
| #define HAVE_STRINGS_H 1
| #define HAVE_INTTYPES_H 1
| #define HAVE_STDINT_H 1
| #define HAVE_UNISTD_H 1
| #define HAVE_FCNTL_H 1
| #define HAVE_SYS_IOCTL_H 1
| #define HAVE_SYS_TIME_H 1
| #define HAVE_TERMIO_H 1
| #define HAVE_UNISTD_H 1
| /* end confdefs.h.  */
| #ifndef __APPLE_CC__
| 	       not a universal capable compiler
| 	     #endif
| 	     typedef int dummy;
| 
configure:4711: gcc -c -g -O2  conftest.c >&5
configure:4711: $? = 0
configure:4729: gcc -c -g -O2  conftest.c >&5
conftest.c: In function 'main':
conftest.c:32:4: error: unknown type name 'not'; did you mean 'ino_t'?
   32 |    not big endian
      |    ^~~
      |    ino_t
conftest.c:32:12: error: expected '=', ',', ';', 'asm' or '__attribute__' before 'endian'
   32 |    not big endian
      |            ^~~~~~
configure:4729: $? = 1
configure: failed program was:
| /* confdefs.h */
| #define PACKAGE_NAME "STK"
| #define PACKAGE_TARNAME "stk"
| #define PACKAGE_VERSION "5.0.0"
| #define PACKAGE_STRING "STK 5.0.0"
| #define PACKAGE_BUGREPORT "gary.scavone@mcgill.ca"
| #define PACKAGE_URL ""
| #define HAVE_CXX11 1
| #define STDC_HEADERS 1
| #define HAVE_SYS_TYPES_H 1
| #define HAVE_SYS_STAT_H 1
| #define HAVE_STDLIB_H 1
| #define HAVE_STRING_H 1
| #define HAVE_MEMORY_H 1
| #define HAVE_STRINGS_H 1
| #define HAVE_INTTYPES_H 1
| #define HAVE_STDINT_H 1
| #define HAVE_UNISTD_H 1
| #define HAVE_FCNTL_H 1
| #define HAVE_SYS_IOCTL_H 1
| #define HAVE_SYS_TIME_H 1
| #define HAVE_TERMIO_H 1
| #define HAVE_UNISTD_H 1
| /* end confdefs.h.  */
| #include <sys/types.h>
| 		#include <sys/param.h>
| 
| int
| main ()
| {
| #if BYTE_ORDER != BIG_ENDIAN
| 		 not big endian
| 		#endif
| 
|   ;
|   return 0;
| }
configure:4857: result: no
configure:4890: checking for RAWWAVE_PATH argument
configure:4894: result: 
configure:4897: checking for INCLUDE_PATH argument
configure:4901: result: 
configure:4905: checking whether to compile realtime support
configure:4919: result: yes
configure:4922: checking whether to build the static library
configure:4932: result: yes
configure:4935: checking whether to build the shared library
configure:4945: result: no
configure:4953: checking for cos in -lm
configure:4978: gcc -o conftest -g -O2   conftest.c -lm   >&5
conftest.c:32:6: warning: conflicting types for built-in function 'cos'; expected 'double(double)' [-Wbuiltin-declaration-mismatch]
   32 | char cos ();
      |      ^~~
conftest.c:1:1: note: 'cos' is declared in header '<math.h>'
    1 | /* confdefs.h */
configure:4978: $? = 0
configure:4987: result: yes
configure:5002: checking whether to compile debug version
configure:5026: result: no
configure:5034: checking for select
configure:5034: gcc -o conftest -g -O2   conftest.c -lm  >&5
configure:5034: $? = 0
configure:5034: result: yes
configure:5034: checking for socket
configure:5034: gcc -o conftest -g -O2   conftest.c -lm  >&5
configure:5034: $? = 0
configure:5034: result: yes
configure:5043: checking for gettimeofday
configure:5043: gcc -o conftest -g -O2   conftest.c -lm  >&5
configure:5043: $? = 0
configure:5043: result: yes
configure:5068: checking build system type
configure:5082: result: x86_64-pc-linux-gnu
configure:5102: checking host system type
configure:5115: result: x86_64-pc-linux-gnu
configure:5156: checking for audio API
configure:5568: result: using ALSA
configure:5572: checking for snd_pcm_open in -lasound
configure:5597: gcc -o conftest -g -O2   -DHAVE_GETTIMEOFDAY  conftest.c -lasound  -lm  >&5
configure:5597: $? = 0
configure:5606: result: yes
configure:5622: checking for pthread_create in -lpthread
configure:5647: gcc -o conftest -g -O2   -DHAVE_GETTIMEOFDAY  conftest.c -lpthread  -lasound -lm  >&5
configure:5647: $? = 0
configure:5656: result: yes
configure:5977: creating ./config.status

## ---------------------- ##
## Running config.status. ##
## ---------------------- ##

This file was extended by STK config.status 5.0.0, which was
generated by GNU Autoconf 2.69.  Invocation command line was

  CONFIG_FILES    = 
  CONFIG_HEADERS  = 
  CONFIG_LINKS    = 
  CONFIG_COMMANDS = 
  $ ./config.status 

on lx0-fuxi152

config.status:759: creating Makefile
config.status:759: creating src/Makefile
config.status:759: creating projects/demo/Makefile
config.status:759: creating projects/effects/Makefile
config.status:759: creating projects/ragamatic/Makefile
config.status:759: creating projects/examples/Makefile
config.status:759: creating projects/examples/libMakefile
config.status:759: creating projects/eguitar/Makefile

## ---------------- ##
## Cache variables. ##
## ---------------- ##

ac_cv_build=x86_64-pc-linux-gnu
ac_cv_c_bigendian=no
ac_cv_c_compiler_gnu=yes
ac_cv_c_const=yes
ac_cv_cxx_compiler_gnu=yes
ac_cv_env_CCC_set=
ac_cv_env_CCC_value=
ac_cv_env_CC_set=
ac_cv_env_CC_value=
ac_cv_env_CFLAGS_set=
ac_cv_env_CFLAGS_value=
ac_cv_env_CPPFLAGS_set=
ac_cv_env_CPPFLAGS_value=
ac_cv_env_CPP_set=
ac_cv_env_CPP_value=
ac_cv_env_CXXFLAGS_set=
ac_cv_env_CXXFLAGS_value=
ac_cv_env_CXX_set=
ac_cv_env_CXX_value=
ac_cv_env_LDFLAGS_set=
ac_cv_env_LDFLAGS_value=
ac_cv_env_LIBS_set=
ac_cv_env_LIBS_value=
ac_cv_env_build_alias_set=
ac_cv_env_build_alias_value=
ac_cv_env_host_alias_set=
ac_cv_env_host_alias_value=
ac_cv_env_target_alias_set=
ac_cv_env_target_alias_value=
ac_cv_func_gettimeofday=yes
ac_cv_func_select=yes
ac_cv_func_socket=yes
ac_cv_header_fcntl_h=yes
ac_cv_header_inttypes_h=yes
ac_cv_header_memory_h=yes
ac_cv_header_stdc=yes
ac_cv_header_stdint_h=yes
ac_cv_header_stdlib_h=yes
ac_cv_header_string_h=yes
ac_cv_header_strings_h=yes
ac_cv_header_sys_ioctl_h=yes
ac_cv_header_sys_stat_h=yes
ac_cv_header_sys_time_h=yes
ac_cv_header_sys_types_h=yes
ac_cv_header_termio_h=yes
ac_cv_header_unistd_h=yes
ac_cv_host=x86_64-pc-linux-gnu
ac_cv_lib_asound_snd_pcm_open=yes
ac_cv_lib_m_cos=yes
ac_cv_lib_pthread_pthread_create=yes
ac_cv_objext=o
ac_cv_path_AR=/usr/bin/ar
ac_cv_path_EGREP='/usr/bin/grep -E'
ac_cv_path_GREP=/usr/bin/grep
ac_cv_prog_CPP='gcc -E'
ac_cv_prog_ac_ct_CC=gcc
ac_cv_prog_ac_ct_CXX=g++
ac_cv_prog_ac_ct_RANLIB=ranlib
ac_cv_prog_cc_c89=
ac_cv_prog_cc_g=yes
ac_cv_prog_cxx_g=yes
ac_cv_type_size_t=yes
ax_cv_cxx_compile_cxx11__std_cpp11=yes

## ----------------- ##
## Output variables. ##
## ----------------- ##

AR='/usr/bin/ar'
CC='gcc'
CFLAGS='-g -O2'
CPP='gcc -E'
CPPFLAGS='  -DHAVE_GETTIMEOFDAY -D__LINUX_ALSA__'
CXX='g++ -std=c++11'
CXXFLAGS='-O3 -Wall'
DEFS='-DPACKAGE_NAME=\"STK\" -DPACKAGE_TARNAME=\"stk\" -DPACKAGE_VERSION=\"5.0.0\" -DPACKAGE_STRING=\"STK\ 5.0.0\" -DPACKAGE_BUGREPORT=\"gary.scavone@mcgill.ca\" -DPACKAGE_URL=\"\" -DHAVE_CXX11=1 -DSTDC_HEADERS=1 -DHAVE_SYS_TYPES_H=1 -DHAVE_SYS_STAT_H=1 -DHAVE_STDLIB_H=1 -DHAVE_STRING_H=1 -DHAVE_MEMORY_H=1 -DHAVE_STRINGS_H=1 -DHAVE_INTTYPES_H=1 -DHAVE_STDINT_H=1 -DHAVE_UNISTD_H=1 -DHAVE_FCNTL_H=1 -DHAVE_SYS_IOCTL_H=1 -DHAVE_SYS_TIME_H=1 -DHAVE_TERMIO_H=1 -DHAVE_UNISTD_H=1 -DHAVE_LIBM=1 -DHAVE_SELECT=1 -DHAVE_SOCKET=1 -DHAVE_LIBASOUND=1 -DHAVE_LIBPTHREAD=1'
ECHO_C=''
ECHO_N='-n'
ECHO_T=''
EGREP='/usr/bin/grep -E'
EXEEXT=''
GREP='/usr/bin/grep'
GXX='yes'
HAVE_CXX11='1'
LDFLAGS=''
LIBOBJS=''
LIBS='-lpthread -lasound -lm '
LTLIBOBJS=''
OBJEXT='o'
PACKAGE_BUGREPORT='gary.scavone@mcgill.ca'
PACKAGE_NAME='STK'
PACKAGE_STRING='STK 5.0.0'
PACKAGE_TARNAME='stk'
PACKAGE_URL=''
PACKAGE_VERSION='5.0.0'
PATH_SEPARATOR=':'
RANLIB='ranlib'
SHELL='/bin/bash'
ac_ct_CC='gcc'
ac_ct_CXX='g++'
api='-D__LINUX_ALSA__'
bindir='${exec_prefix}/bin'
build='x86_64-pc-linux-gnu'
build_alias=''
build_cpu='x86_64'
build_os='linux-gnu'
build_shared='no'
build_static='yes'
build_vendor='pc'
byte_order='-D__LITTLE_ENDIAN__'
cppflag=' -DHAVE_GETTIMEOFDAY'
cxxflag='-Wall'
datadir='${datarootdir}'
datarootdir='${prefix}/share'
debug='no'
docdir='${datarootdir}/doc/${PACKAGE_TARNAME}'
dvidir='${docdir}'
exec_prefix='${prefix}'
host='x86_64-pc-linux-gnu'
host_alias=''
host_cpu='x86_64'
host_os='linux-gnu'
host_vendor='pc'
htmldir='${docdir}'
include=''
includedir='${prefix}/include'
infodir='${datarootdir}/info'
libdir='${exec_prefix}/lib'
libexecdir='${exec_prefix}/libexec'
libflags='-shared -Wl,-soname,libstk-$(RELEASE).so -o libstk-$(RELEASE).so'
localedir='${datarootdir}/locale'
localstatedir='${prefix}/var'
mandir='${datarootdir}/man'
object_path='Release'
objects=''
oldincludedir='/usr/include'
pdfdir='${docdir}'
prefix='/usr/local'
program_transform_name='s,x,x,'
psdir='${docdir}'
rawwaves=''
realtime='yes'
runstatedir='${localstatedir}/run'
sbindir='${exec_prefix}/sbin'
sharedlib='libstk.so'
sharedname='libstk-$(RELEASE).so'
sharedstatedir='${prefix}/com'
sound_api=''
sysconfdir='${prefix}/etc'
target_alias=''

## ----------- ##
## confdefs.h. ##
## ----------- ##

/* confdefs.h */
#define PACKAGE_NAME "STK"
#define PACKAGE_TARNAME "stk"
#define PACKAGE_VERSION "5.0.0"
#define PACKAGE_STRING "STK 5.0.0"
#define PACKAGE_BUGREPORT "gary.scavone@mcgill.ca"
#define PACKAGE_URL ""
#define HAVE_CXX11 1
#define STDC_HEADERS 1
#define HAVE_SYS_TYPES_H 1
#define HAVE_SYS_STAT_H 1
#define HAVE_STDLIB_H 1
#define HAVE_STRING_H 1
#define HAVE_MEMORY_H 1
#define HAVE_STRINGS_H 1
#define HAVE_INTTYPES_H 1
#define HAVE_STDINT_H 1
#define HAVE_UNISTD_H 1
#define HAVE_FCNTL_H 1
#define HAVE_SYS_IOCTL_H 1
#define HAVE_SYS_TIME_H 1
#define HAVE_TERMIO_H 1
#define HAVE_UNISTD_H 1
#define HAVE_LIBM 1
#define HAVE_SELECT 1
#define HAVE_SOCKET 1
#define HAVE_LIBASOUND 1
#define HAVE_LIBPTHREAD 1

configure: exit 0
